<?xml version="1.0" encoding="UTF-8"?>
<!-- Generated by org.testng.reporters.JUnitXMLReporter -->
<testsuite ignored="0" hostname="DESKTOP-0EJ0AIV" failures="0" tests="4" name="Default test" time="62.401" errors="0" timestamp="2026-04-08T11:09:40 IST">
  <testcase classname="com.testautomation.orangehrm.tests.LoginTest" name="login" time="6.913"/>
  <testcase classname="com.testautomation.orangehrm.tests.LoginTest" name="login" time="6.368"/>
  <testcase classname="com.testautomation.orangehrm.tests.LoginTest" name="login" time="6.702"/>
  <testcase classname="com.testautomation.orangehrm.tests.LoginTest" name="login" time="2.248"/>
</testsuite> <!-- Default test -->
