<?xml version="1.0" encoding="UTF-8"?>
<testng-results ignored="0" total="4" passed="4" failed="0" skipped="0">
  <reporter-output>
  </reporter-output>
  <suite started-at="2026-04-08T11:08:37 IST" name="Default suite" finished-at="2026-04-08T11:09:40 IST" duration-ms="62401">
    <groups>
    </groups>
    <test started-at="2026-04-08T11:08:37 IST" name="Default test" finished-at="2026-04-08T11:09:40 IST" duration-ms="62401">
      <class name="com.testautomation.orangehrm.tests.LoginTest">
        <test-method is-config="true" signature="launch()[pri:0, instance:com.testautomation.orangehrm.tests.LoginTest@45752059]" started-at="2026-04-08T11:08:37 IST" name="launch" finished-at="2026-04-08T11:08:51 IST" duration-ms="13530" status="PASS">
          <reporter-output>
          </reporter-output>
        </test-method> <!-- launch -->
        <test-method signature="login(java.lang.String,java.lang.String)[pri:0, instance:com.testautomation.orangehrm.tests.LoginTest@45752059]" started-at="2026-04-08T11:08:51 IST" name="login" data-provider="testdata" finished-at="2026-04-08T11:08:58 IST" duration-ms="6913" status="PASS">
          <params>
            <param index="0">
              <value>
                <![CDATA[Admin]]>
              </value>
            </param>
            <param index="1">
              <value>
                <![CDATA[admin123]]>
              </value>
            </param>
          </params>
          <reporter-output>
          </reporter-output>
        </test-method> <!-- login -->
        <test-method is-config="true" signature="close()[pri:0, instance:com.testautomation.orangehrm.tests.LoginTest@45752059]" started-at="2026-04-08T11:08:58 IST" name="close" finished-at="2026-04-08T11:08:58 IST" duration-ms="469" status="PASS">
          <reporter-output>
          </reporter-output>
        </test-method> <!-- close -->
        <test-method is-config="true" signature="launch()[pri:0, instance:com.testautomation.orangehrm.tests.LoginTest@45752059]" started-at="2026-04-08T11:08:58 IST" name="launch" finished-at="2026-04-08T11:09:05 IST" duration-ms="6268" status="PASS">
          <reporter-output>
          </reporter-output>
        </test-method> <!-- launch -->
        <test-method signature="login(java.lang.String,java.lang.String)[pri:0, instance:com.testautomation.orangehrm.tests.LoginTest@45752059]" started-at="2026-04-08T11:09:05 IST" name="login" data-provider="testdata" finished-at="2026-04-08T11:09:11 IST" duration-ms="6368" status="PASS">
          <params>
            <param index="0">
              <value>
                <![CDATA[Admin123]]>
              </value>
            </param>
            <param index="1">
              <value>
                <![CDATA[admin@123]]>
              </value>
            </param>
          </params>
          <reporter-output>
          </reporter-output>
        </test-method> <!-- login -->
        <test-method is-config="true" signature="close()[pri:0, instance:com.testautomation.orangehrm.tests.LoginTest@45752059]" started-at="2026-04-08T11:09:11 IST" name="close" finished-at="2026-04-08T11:09:11 IST" duration-ms="398" status="PASS">
          <reporter-output>
          </reporter-output>
        </test-method> <!-- close -->
        <test-method is-config="true" signature="launch()[pri:0, instance:com.testautomation.orangehrm.tests.LoginTest@45752059]" started-at="2026-04-08T11:09:11 IST" name="launch" finished-at="2026-04-08T11:09:25 IST" duration-ms="13678" status="PASS">
          <reporter-output>
          </reporter-output>
        </test-method> <!-- launch -->
        <test-method signature="login(java.lang.String,java.lang.String)[pri:0, instance:com.testautomation.orangehrm.tests.LoginTest@45752059]" started-at="2026-04-08T11:09:25 IST" name="login" data-provider="testdata" finished-at="2026-04-08T11:09:32 IST" duration-ms="6702" status="PASS">
          <params>
            <param index="0">
              <value>
                <![CDATA[123Admin]]>
              </value>
            </param>
            <param index="1">
              <value>
                <![CDATA[admin1234]]>
              </value>
            </param>
          </params>
          <reporter-output>
          </reporter-output>
        </test-method> <!-- login -->
        <test-method is-config="true" signature="close()[pri:0, instance:com.testautomation.orangehrm.tests.LoginTest@45752059]" started-at="2026-04-08T11:09:32 IST" name="close" finished-at="2026-04-08T11:09:32 IST" duration-ms="329" status="PASS">
          <reporter-output>
          </reporter-output>
        </test-method> <!-- close -->
        <test-method is-config="true" signature="launch()[pri:0, instance:com.testautomation.orangehrm.tests.LoginTest@45752059]" started-at="2026-04-08T11:09:32 IST" name="launch" finished-at="2026-04-08T11:09:37 IST" duration-ms="5072" status="PASS">
          <reporter-output>
          </reporter-output>
        </test-method> <!-- launch -->
        <test-method signature="login(java.lang.String,java.lang.String)[pri:0, instance:com.testautomation.orangehrm.tests.LoginTest@45752059]" started-at="2026-04-08T11:09:37 IST" name="login" data-provider="testdata" finished-at="2026-04-08T11:09:39 IST" duration-ms="2248" status="PASS">
          <params>
            <param index="0">
              <value>
                <![CDATA[AdminAdmin]]>
              </value>
            </param>
            <param index="1">
              <value>
                <![CDATA[admin_123]]>
              </value>
            </param>
          </params>
          <reporter-output>
          </reporter-output>
        </test-method> <!-- login -->
        <test-method is-config="true" signature="close()[pri:0, instance:com.testautomation.orangehrm.tests.LoginTest@45752059]" started-at="2026-04-08T11:09:39 IST" name="close" finished-at="2026-04-08T11:09:40 IST" duration-ms="323" status="PASS">
          <reporter-output>
          </reporter-output>
        </test-method> <!-- close -->
      </class> <!-- com.testautomation.orangehrm.tests.LoginTest -->
    </test> <!-- Default test -->
  </suite> <!-- Default suite -->
</testng-results>
