<?xml version="1.0" encoding="UTF-8"?>
<!-- Generated by org.testng.reporters.JUnitReportReporter -->
<testsuite hostname="DESKTOP-0EJ0AIV" failures="0" tests="4" name="com.testautomation.orangehrm.tests.LoginTest" time="62.298" errors="0" timestamp="2026-04-08T11:09:40 IST" skipped="0">
  <testcase classname="com.testautomation.orangehrm.tests.LoginTest" name="login" time="16.255"/>
  <testcase classname="com.testautomation.orangehrm.tests.LoginTest" name="login" time="20.701"/>
  <testcase classname="com.testautomation.orangehrm.tests.LoginTest" name="login" time="13.504"/>
  <testcase classname="com.testautomation.orangehrm.tests.LoginTest" name="login" time="11.838"/>
</testsuite> <!-- com.testautomation.orangehrm.tests.LoginTest -->
