<?xml version="1.0" encoding="UTF-8"?>
<!-- Generated by org.testng.reporters.JUnitReportReporter -->
<testsuite hostname="DESKTOP-0EJ0AIV" failures="0" tests="4" name="com.testautomation.orangehrm.LoginTest" time="85.596" errors="0" timestamp="2026-04-05T18:27:24 IST" skipped="0">
  <testcase classname="com.testautomation.orangehrm.LoginTest" name="login" time="17.354"/>
  <testcase classname="com.testautomation.orangehrm.LoginTest" name="login" time="23.213"/>
  <testcase classname="com.testautomation.orangehrm.LoginTest" name="login" time="39.735"/>
  <testcase classname="com.testautomation.orangehrm.LoginTest" name="login" time="5.294"/>
</testsuite> <!-- com.testautomation.orangehrm.LoginTest -->
